<?xml version="1.0" encoding="UTF-8"?>
<!-- Generated by org.testng.reporters.JUnitReportReporter -->
<testsuite skipped="0" hostname="Asks-WX-3" name="seleniumautomation.FirstTestScript" tests="2" failures="0" timestamp="20 Feb 2018 08:29:39 GMT" time="9.565" errors="0">
  <testcase name="openBrowser" time="3.065" classname="seleniumautomation.FirstTestScript"/>
  <testcase name="searchBooks" time="6.500" classname="seleniumautomation.FirstTestScript"/>
</testsuite> <!-- seleniumautomation.FirstTestScript -->
